2026-06-02 10:03:37.401 | WARNING  | core.stealth:<module>:16 - playwright-stealth未安装，将仅使用自研补丁
2026-06-02 10:03:37.719 | DEBUG    | core.fingerprint:_load_scripts:65 - 已加载脚本: canvas.js
2026-06-02 10:03:37.719 | DEBUG    | core.fingerprint:_load_scripts:65 - 已加载脚本: webgl.js
2026-06-02 10:03:37.719 | DEBUG    | core.fingerprint:_load_scripts:65 - 已加载脚本: audio.js
2026-06-02 10:03:37.720 | DEBUG    | core.fingerprint:_load_scripts:65 - 已加载脚本: navigator.js
2026-06-02 10:03:37.720 | DEBUG    | core.fingerprint:_load_scripts:65 - 已加载脚本: screen.js
2026-06-02 10:03:37.720 | DEBUG    | core.fingerprint:_load_scripts:65 - 已加载脚本: webrtc.js
2026-06-02 10:03:37.720 | DEBUG    | core.fingerprint:_load_scripts:65 - 已加载脚本: timezone.js
2026-06-02 10:03:37.721 | INFO     | core.storage:_init_storage:67 - JSONL存储已启用: data\results.jsonl
2026-06-02 10:03:37.722 | INFO     | core.crawler:start:153 - 正在启动反检测爬虫...
2026-06-02 10:03:38.499 | INFO     | core.crawler:start:164 - 反检测爬虫已启动
2026-06-02 10:03:38.738 | WARNING  | core.stealth:apply_stealth:71 - playwright-stealth未安装，跳过stealth应用
2026-06-02 10:03:50.215 | ERROR    | core.crawler:fetch:361 - 抓取失败 https://bot.sannysoft.com/: Page.goto: Target page, context or browser has been closed
Call log:
  - navigating to "https://bot.sannysoft.com/", waiting until "domcontentloaded"

2026-06-02 10:03:50.224 | INFO     | core.crawler:stop:168 - 正在停止爬虫...
2026-06-02 10:03:50.518 | INFO     | core.crawler:stop:174 - 爬虫已停止
2026-06-02 10:04:02.398 | WARNING  | core.stealth:<module>:16 - playwright-stealth未安装，将仅使用自研补丁
2026-06-02 10:04:02.575 | DEBUG    | core.fingerprint:_load_scripts:65 - 已加载脚本: canvas.js
2026-06-02 10:04:02.575 | DEBUG    | core.fingerprint:_load_scripts:65 - 已加载脚本: webgl.js
2026-06-02 10:04:02.575 | DEBUG    | core.fingerprint:_load_scripts:65 - 已加载脚本: audio.js
2026-06-02 10:04:02.576 | DEBUG    | core.fingerprint:_load_scripts:65 - 已加载脚本: navigator.js
2026-06-02 10:04:02.576 | DEBUG    | core.fingerprint:_load_scripts:65 - 已加载脚本: screen.js
2026-06-02 10:04:02.576 | DEBUG    | core.fingerprint:_load_scripts:65 - 已加载脚本: webrtc.js
2026-06-02 10:04:02.576 | DEBUG    | core.fingerprint:_load_scripts:65 - 已加载脚本: timezone.js
2026-06-02 10:04:02.576 | INFO     | core.storage:_init_storage:67 - JSONL存储已启用: data\results.jsonl
2026-06-02 10:04:02.577 | INFO     | core.crawler:start:153 - 正在启动反检测爬虫...
2026-06-02 10:04:03.057 | INFO     | core.crawler:start:164 - 反检测爬虫已启动
2026-06-02 10:04:03.160 | WARNING  | core.stealth:apply_stealth:71 - playwright-stealth未安装，跳过stealth应用
2026-06-02 10:04:10.782 | ERROR    | core.crawler:fetch:361 - 抓取失败 https://bot.sannysoft.com/: Page.goto: Target page, context or browser has been closed
Call log:
  - navigating to "https://bot.sannysoft.com/", waiting until "domcontentloaded"

2026-06-02 10:04:10.785 | INFO     | core.crawler:stop:168 - 正在停止爬虫...
2026-06-02 10:04:11.017 | INFO     | core.crawler:stop:174 - 爬虫已停止
2026-06-02 10:04:22.757 | INFO     | core.storage:_init_storage:67 - JSONL存储已启用: data\results.jsonl
2026-06-14 17:22:56.109 | WARNING  | core.stealth:<module>:16 - playwright-stealth未安装，将仅使用自研补丁
2026-06-14 17:22:56.581 | DEBUG    | core.fingerprint:_load_scripts:65 - 已加载脚本: canvas.js
2026-06-14 17:22:56.581 | DEBUG    | core.fingerprint:_load_scripts:65 - 已加载脚本: webgl.js
2026-06-14 17:22:56.581 | DEBUG    | core.fingerprint:_load_scripts:65 - 已加载脚本: audio.js
2026-06-14 17:22:56.582 | DEBUG    | core.fingerprint:_load_scripts:65 - 已加载脚本: navigator.js
2026-06-14 17:22:56.582 | DEBUG    | core.fingerprint:_load_scripts:65 - 已加载脚本: screen.js
2026-06-14 17:22:56.582 | DEBUG    | core.fingerprint:_load_scripts:65 - 已加载脚本: webrtc.js
2026-06-14 17:22:56.582 | DEBUG    | core.fingerprint:_load_scripts:65 - 已加载脚本: timezone.js
2026-06-14 17:22:56.582 | INFO     | core.storage:_init_storage:67 - JSONL存储已启用: data\results.jsonl
2026-06-14 17:22:56.583 | INFO     | core.crawler:start:153 - 正在启动反检测爬虫...
2026-06-14 17:22:57.532 | INFO     | core.crawler:start:164 - 反检测爬虫已启动
2026-06-14 17:22:59.208 | WARNING  | core.stealth:apply_stealth:71 - playwright-stealth未安装，跳过stealth应用
2026-06-14 17:23:06.609 | ERROR    | core.crawler:fetch:361 - 抓取失败 https://bot.sannysoft.com/: Page.goto: Target page, context or browser has been closed
Call log:
  - navigating to "https://bot.sannysoft.com/", waiting until "domcontentloaded"

2026-06-14 17:23:06.617 | INFO     | core.crawler:stop:168 - 正在停止爬虫...
2026-06-14 17:23:06.905 | INFO     | core.crawler:stop:174 - 爬虫已停止
